INFO  time: initialize in 1s
WARN  no build tool detected in workspace '/home/ailen-magali/Escritorio/tdl'. The most common cause for this problem is that the editor was opened in the wrong working directory, for example if you use sbt then the workspace directory should contain build.sbt. 
WARN  no build target: /home/ailen-magali/Escritorio/tdl/tdl-akka-project/build.sbt
INFO  shutting down Metals
INFO  time: initialize in 8.55s
WARN  no build tool detected in workspace '/home/ailen-magali/Escritorio/tdl'. The most common cause for this problem is that the editor was opened in the wrong working directory, for example if you use sbt then the workspace directory should contain build.sbt. 
WARN  no build target: /home/ailen-magali/Escritorio/tdl/tdl-akka-project/sbt
WARN  no build target: /home/ailen-magali/Escritorio/tdl/tdl-akka-project/build.sbt
WARN  no build target: /home/ailen-magali/Escritorio/tdl/tdl-akka-project/sbt
WARN  no build target: /home/ailen-magali/Escritorio/tdl/tdl-akka-project/build.sbt
WARN  no build target: /home/ailen-magali/Escritorio/tdl/tdl-akka-project/src/main/scala/com/example/main.scala
INFO  no build target: using presentation compiler with only scala-library
WARN  no build target: /home/ailen-magali/Escritorio/tdl/tdl-akka-project/src/main/scala/com/example/moviedb/ClienteMovieDB.scala
WARN  no build tool detected in workspace '/home/ailen-magali/Escritorio/tdl'. The most common cause for this problem is that the editor was opened in the wrong working directory, for example if you use sbt then the workspace directory should contain build.sbt. 
WARN  no build tool detected in workspace '/home/ailen-magali/Escritorio/tdl'. The most common cause for this problem is that the editor was opened in the wrong working directory, for example if you use sbt then the workspace directory should contain build.sbt. 
WARN  no build target: /home/ailen-magali/Escritorio/tdl/tdl-akka-project/src/main/scala/com/example/moviedb/ClienteMovieDB.scala
WARN  no build target: 
WARN  no build target: /home/ailen-magali/Escritorio/tdl/tdl-akka-project/src/main/scala/com/example/moviedb/ClienteMovieDB.scala
WARN  no build target: 
WARN  no build tool detected in workspace '/home/ailen-magali/Escritorio/tdl'. The most common cause for this problem is that the editor was opened in the wrong working directory, for example if you use sbt then the workspace directory should contain build.sbt. 
WARN  no build target: /home/ailen-magali/Escritorio/tdl/tdl-akka-project/src/main/scala/com/example/moviedb/ClienteMovieDB.scala
WARN  no build target: 
WARN  no build tool detected in workspace '/home/ailen-magali/Escritorio/tdl'. The most common cause for this problem is that the editor was opened in the wrong working directory, for example if you use sbt then the workspace directory should contain build.sbt. 
WARN  no build target: /home/ailen-magali/Escritorio/tdl/tdl-akka-project/src/main/scala/com/example/moviedb/ClienteMovieDB.scala
WARN  no build target: 
WARN  no build tool detected in workspace '/home/ailen-magali/Escritorio/tdl'. The most common cause for this problem is that the editor was opened in the wrong working directory, for example if you use sbt then the workspace directory should contain build.sbt. 
WARN  no build target: /home/ailen-magali/Escritorio/tdl/tdl-akka-project/src/main/scala/com/example/moviedb/printer.scala
WARN  no build target: /home/ailen-magali/Escritorio/tdl/tdl-akka-project/src/main/scala/com/example/moviedb/printer.scala
WARN  no build target: /home/ailen-magali/Escritorio/tdl/tdl-akka-project/src/main/scala/com/example/moviedb/printer.scala
WARN  no build target: /home/ailen-magali/Escritorio/tdl/tdl-akka-project/src/main/scala/com/example/moviedb/Printer.scala
jul 21, 2020 2:54:05 PM org.eclipse.lsp4j.jsonrpc.RemoteEndpoint handleNotification
ADVERTENCIA: Notification threw an exception: {
  "jsonrpc": "2.0",
  "method": "workspace/didChangeWatchedFiles",
  "params": {
    "changes": [
      {
        "uri": "file:///home/ailen-magali/Escritorio/tdl/tdl-akka-project/src/main/scala/com/example/moviedb/printer.scala",
        "type": 3
      },
      {
        "uri": "file:///home/ailen-magali/Escritorio/tdl/tdl-akka-project/src/main/scala/com/example/moviedb/Printer.scala",
        "type": 1
      }
    ]
  }
}
java.lang.RuntimeException: java.lang.reflect.InvocationTargetException
	at org.eclipse.lsp4j.jsonrpc.services.GenericEndpoint.lambda$null$0(GenericEndpoint.java:67)
	at org.eclipse.lsp4j.jsonrpc.services.GenericEndpoint.notify(GenericEndpoint.java:152)
	at org.eclipse.lsp4j.jsonrpc.RemoteEndpoint.handleNotification(RemoteEndpoint.java:220)
	at org.eclipse.lsp4j.jsonrpc.RemoteEndpoint.consume(RemoteEndpoint.java:187)
	at org.eclipse.lsp4j.jsonrpc.json.StreamMessageProducer.handleMessage(StreamMessageProducer.java:192)
	at org.eclipse.lsp4j.jsonrpc.json.StreamMessageProducer.listen(StreamMessageProducer.java:94)
	at org.eclipse.lsp4j.jsonrpc.json.ConcurrentMessageProcessor.run(ConcurrentMessageProcessor.java:113)
	at java.util.concurrent.Executors$RunnableAdapter.call(Executors.java:511)
	at java.util.concurrent.FutureTask.run(FutureTask.java:266)
	at java.util.concurrent.ThreadPoolExecutor.runWorker(ThreadPoolExecutor.java:1149)
	at java.util.concurrent.ThreadPoolExecutor$Worker.run(ThreadPoolExecutor.java:624)
	at java.lang.Thread.run(Thread.java:748)
Caused by: java.lang.reflect.InvocationTargetException
	at sun.reflect.NativeMethodAccessorImpl.invoke0(Native Method)
	at sun.reflect.NativeMethodAccessorImpl.invoke(NativeMethodAccessorImpl.java:62)
	at sun.reflect.DelegatingMethodAccessorImpl.invoke(DelegatingMethodAccessorImpl.java:43)
	at java.lang.reflect.Method.invoke(Method.java:498)
	at org.eclipse.lsp4j.jsonrpc.services.GenericEndpoint.lambda$null$0(GenericEndpoint.java:65)
	... 11 more
Caused by: java.nio.file.NoSuchFileException: /home/ailen-magali/Escritorio/tdl/tdl-akka-project/src/main/scala/com/example/moviedb/printer.scala
	at sun.nio.fs.UnixException.translateToIOException(UnixException.java:86)
	at sun.nio.fs.UnixException.rethrowAsIOException(UnixException.java:102)
	at sun.nio.fs.UnixException.rethrowAsIOException(UnixException.java:107)
	at sun.nio.fs.UnixFileSystemProvider.newByteChannel(UnixFileSystemProvider.java:214)
	at java.nio.file.Files.newByteChannel(Files.java:361)
	at java.nio.file.Files.newByteChannel(Files.java:407)
	at java.nio.file.Files.readAllBytes(Files.java:3152)
	at scala.meta.internal.io.PlatformFileIO$.slurp(PlatformFileIO.scala:45)
	at scala.meta.internal.io.FileIO$.slurp(FileIO.scala:24)
	at scala.meta.internal.metals.MetalsLanguageServer.$anonfun$onChange$1(MetalsLanguageServer.scala:725)
	at scala.meta.internal.metals.MetalsLanguageServer.$anonfun$onChange$1$adapted(MetalsLanguageServer.scala:724)
	at scala.collection.immutable.Stream.foreach(Stream.scala:533)
	at scala.meta.internal.metals.MetalsLanguageServer.onChange(MetalsLanguageServer.scala:724)
	at scala.meta.internal.metals.MetalsLanguageServer.didChangeWatchedFiles(MetalsLanguageServer.scala:689)
	... 16 more

WARN  no build tool detected in workspace '/home/ailen-magali/Escritorio/tdl'. The most common cause for this problem is that the editor was opened in the wrong working directory, for example if you use sbt then the workspace directory should contain build.sbt. 
WARN  no build tool detected in workspace '/home/ailen-magali/Escritorio/tdl'. The most common cause for this problem is that the editor was opened in the wrong working directory, for example if you use sbt then the workspace directory should contain build.sbt. 
jul 21, 2020 3:15:47 PM org.eclipse.lsp4j.jsonrpc.RemoteEndpoint handleCancellation
ADVERTENCIA: Unmatched cancel notification for request id 161
WARN  no build tool detected in workspace '/home/ailen-magali/Escritorio/tdl'. The most common cause for this problem is that the editor was opened in the wrong working directory, for example if you use sbt then the workspace directory should contain build.sbt. 
WARN  no build tool detected in workspace '/home/ailen-magali/Escritorio/tdl'. The most common cause for this problem is that the editor was opened in the wrong working directory, for example if you use sbt then the workspace directory should contain build.sbt. 
WARN  no build tool detected in workspace '/home/ailen-magali/Escritorio/tdl'. The most common cause for this problem is that the editor was opened in the wrong working directory, for example if you use sbt then the workspace directory should contain build.sbt. 
WARN  no build tool detected in workspace '/home/ailen-magali/Escritorio/tdl'. The most common cause for this problem is that the editor was opened in the wrong working directory, for example if you use sbt then the workspace directory should contain build.sbt. 
WARN  no build tool detected in workspace '/home/ailen-magali/Escritorio/tdl'. The most common cause for this problem is that the editor was opened in the wrong working directory, for example if you use sbt then the workspace directory should contain build.sbt. 
WARN  no build tool detected in workspace '/home/ailen-magali/Escritorio/tdl'. The most common cause for this problem is that the editor was opened in the wrong working directory, for example if you use sbt then the workspace directory should contain build.sbt. 
jul 21, 2020 3:19:59 PM org.eclipse.lsp4j.jsonrpc.RemoteEndpoint handleCancellation
ADVERTENCIA: Unmatched cancel notification for request id 231
WARN  no build target: /home/ailen-magali/Escritorio/tdl/tdl-akka-project/src/main/scala/com/example/WebServer.scala
something's wrong: no file:///home/ailen-magali/Escritorio/tdl/tdl-akka-project/src/main/scala/com/example/moviedb/ClienteMovieDB.scala in scala.concurrent.Future[String]RangePosition(file:///home/ailen-magali/Escritorio/tdl/tdl-akka-project/src/main/scala/com/example/moviedb/ClienteMovieDB.scala, 2978, 2978, 2992)
something's wrong: no file:///home/ailen-magali/Escritorio/tdl/tdl-akka-project/src/main/scala/com/example/moviedb/ClienteMovieDB.scala in scala.concurrent.Future[String]RangePosition(file:///home/ailen-magali/Escritorio/tdl/tdl-akka-project/src/main/scala/com/example/moviedb/ClienteMovieDB.scala, 2978, 2978, 2992)
WARN  no build target: /home/ailen-magali/Escritorio/tdl/tdl-akka-project/src/main/scala/example/main.scala
WARN  no build target: /home/ailen-magali/Escritorio/tdl/tdl-akka-project/src/main/scala/example/WebServer.scala
WARN  no build target: /home/ailen-magali/Escritorio/tdl/tdl-akka-project/src/main/scala/example/moviedb/ClienteMovieDB.scala
WARN  no build target: /home/ailen-magali/Escritorio/tdl/tdl-akka-project/src/main/scala/example/moviedb/Printer.scala
WARN  no build target: /home/ailen-magali/Escritorio/tdl/tdl-akka-project/build.sbt
WARN  no build target: /home/ailen-magali/Escritorio/tdl/tdl-akka-project/src/main/example/main.scala
WARN  no build target: /home/ailen-magali/Escritorio/tdl/tdl-akka-project/src/main/example/WebServer.scala
WARN  no build target: /home/ailen-magali/Escritorio/tdl/tdl-akka-project/src/main/example/moviedb/ClienteMovieDB.scala
WARN  no build target: /home/ailen-magali/Escritorio/tdl/tdl-akka-project/src/main/example/moviedb/Printer.scala
jul 21, 2020 4:05:20 PM scala.meta.internal.pc.CompletionProvider expected$1
ADVERTENCIA: null
jul 21, 2020 4:13:26 PM org.eclipse.lsp4j.jsonrpc.RemoteEndpoint handleCancellation
ADVERTENCIA: Unmatched cancel notification for request id 446
jul 21, 2020 4:15:56 PM org.eclipse.lsp4j.jsonrpc.RemoteEndpoint handleCancellation
ADVERTENCIA: Unmatched cancel notification for request id 532
WARN  no build tool detected in workspace '/home/ailen-magali/Escritorio/tdl'. The most common cause for this problem is that the editor was opened in the wrong working directory, for example if you use sbt then the workspace directory should contain build.sbt. 
WARN  no build tool detected in workspace '/home/ailen-magali/Escritorio/tdl'. The most common cause for this problem is that the editor was opened in the wrong working directory, for example if you use sbt then the workspace directory should contain build.sbt. 
WARN  no build tool detected in workspace '/home/ailen-magali/Escritorio/tdl'. The most common cause for this problem is that the editor was opened in the wrong working directory, for example if you use sbt then the workspace directory should contain build.sbt. 
WARN  no build tool detected in workspace '/home/ailen-magali/Escritorio/tdl'. The most common cause for this problem is that the editor was opened in the wrong working directory, for example if you use sbt then the workspace directory should contain build.sbt. 
WARN  no build tool detected in workspace '/home/ailen-magali/Escritorio/tdl'. The most common cause for this problem is that the editor was opened in the wrong working directory, for example if you use sbt then the workspace directory should contain build.sbt. 
WARN  no build tool detected in workspace '/home/ailen-magali/Escritorio/tdl'. The most common cause for this problem is that the editor was opened in the wrong working directory, for example if you use sbt then the workspace directory should contain build.sbt. 
jul 21, 2020 4:18:05 PM org.eclipse.lsp4j.jsonrpc.RemoteEndpoint handleCancellation
ADVERTENCIA: Unmatched cancel notification for request id 624
WARN  no build target: /home/ailen-magali/Escritorio/tdl/tdl-akka-project/src/main/example/moviedb/ClienteMovieDB.scala
jul 21, 2020 4:21:49 PM org.eclipse.lsp4j.jsonrpc.RemoteEndpoint handleNotification
ADVERTENCIA: Notification threw an exception: {
  "jsonrpc": "2.0",
  "method": "workspace/didChangeWatchedFiles",
  "params": {
    "changes": [
      {
        "uri": "file:///home/ailen-magali/Escritorio/tdl/tdl-akka-project/src/main/scala/com/example/moviedb/ClienteMovieDB.scala",
        "type": 2
      }
    ]
  }
}
java.lang.RuntimeException: java.lang.reflect.InvocationTargetException
	at org.eclipse.lsp4j.jsonrpc.services.GenericEndpoint.lambda$null$0(GenericEndpoint.java:67)
	at org.eclipse.lsp4j.jsonrpc.services.GenericEndpoint.notify(GenericEndpoint.java:152)
	at org.eclipse.lsp4j.jsonrpc.RemoteEndpoint.handleNotification(RemoteEndpoint.java:220)
	at org.eclipse.lsp4j.jsonrpc.RemoteEndpoint.consume(RemoteEndpoint.java:187)
	at org.eclipse.lsp4j.jsonrpc.json.StreamMessageProducer.handleMessage(StreamMessageProducer.java:192)
	at org.eclipse.lsp4j.jsonrpc.json.StreamMessageProducer.listen(StreamMessageProducer.java:94)
	at org.eclipse.lsp4j.jsonrpc.json.ConcurrentMessageProcessor.run(ConcurrentMessageProcessor.java:113)
	at java.util.concurrent.Executors$RunnableAdapter.call(Executors.java:511)
	at java.util.concurrent.FutureTask.run(FutureTask.java:266)
	at java.util.concurrent.ThreadPoolExecutor.runWorker(ThreadPoolExecutor.java:1149)
	at java.util.concurrent.ThreadPoolExecutor$Worker.run(ThreadPoolExecutor.java:624)
	at java.lang.Thread.run(Thread.java:748)
Caused by: java.lang.reflect.InvocationTargetException
	at sun.reflect.NativeMethodAccessorImpl.invoke0(Native Method)
	at sun.reflect.NativeMethodAccessorImpl.invoke(NativeMethodAccessorImpl.java:62)
	at sun.reflect.DelegatingMethodAccessorImpl.invoke(DelegatingMethodAccessorImpl.java:43)
	at java.lang.reflect.Method.invoke(Method.java:498)
	at org.eclipse.lsp4j.jsonrpc.services.GenericEndpoint.lambda$null$0(GenericEndpoint.java:65)
	... 11 more
Caused by: java.nio.file.NoSuchFileException: /home/ailen-magali/Escritorio/tdl/tdl-akka-project/src/main/scala/com/example/moviedb/ClienteMovieDB.scala
	at sun.nio.fs.UnixException.translateToIOException(UnixException.java:86)
	at sun.nio.fs.UnixException.rethrowAsIOException(UnixException.java:102)
	at sun.nio.fs.UnixException.rethrowAsIOException(UnixException.java:107)
	at sun.nio.fs.UnixFileSystemProvider.newByteChannel(UnixFileSystemProvider.java:214)
	at java.nio.file.Files.newByteChannel(Files.java:361)
	at java.nio.file.Files.newByteChannel(Files.java:407)
	at java.nio.file.Files.readAllBytes(Files.java:3152)
	at scala.meta.internal.io.PlatformFileIO$.slurp(PlatformFileIO.scala:45)
	at scala.meta.internal.io.FileIO$.slurp(FileIO.scala:24)
	at scala.meta.internal.metals.MetalsLanguageServer.$anonfun$onChange$1(MetalsLanguageServer.scala:725)
	at scala.meta.internal.metals.MetalsLanguageServer.$anonfun$onChange$1$adapted(MetalsLanguageServer.scala:724)
	at scala.collection.immutable.Stream.foreach(Stream.scala:533)
	at scala.meta.internal.metals.MetalsLanguageServer.onChange(MetalsLanguageServer.scala:724)
	at scala.meta.internal.metals.MetalsLanguageServer.didChangeWatchedFiles(MetalsLanguageServer.scala:689)
	... 16 more

WARN  no build target: /home/ailen-magali/Escritorio/tdl/tdl-akka-project/src/main/example/WebServer.scala
jul 21, 2020 4:21:54 PM org.eclipse.lsp4j.jsonrpc.RemoteEndpoint handleNotification
ADVERTENCIA: Notification threw an exception: {
  "jsonrpc": "2.0",
  "method": "workspace/didChangeWatchedFiles",
  "params": {
    "changes": [
      {
        "uri": "file:///home/ailen-magali/Escritorio/tdl/tdl-akka-project/src/main/scala/com/example/WebServer.scala",
        "type": 2
      }
    ]
  }
}
java.lang.RuntimeException: java.lang.reflect.InvocationTargetException
	at org.eclipse.lsp4j.jsonrpc.services.GenericEndpoint.lambda$null$0(GenericEndpoint.java:67)
	at org.eclipse.lsp4j.jsonrpc.services.GenericEndpoint.notify(GenericEndpoint.java:152)
	at org.eclipse.lsp4j.jsonrpc.RemoteEndpoint.handleNotification(RemoteEndpoint.java:220)
	at org.eclipse.lsp4j.jsonrpc.RemoteEndpoint.consume(RemoteEndpoint.java:187)
	at org.eclipse.lsp4j.jsonrpc.json.StreamMessageProducer.handleMessage(StreamMessageProducer.java:192)
	at org.eclipse.lsp4j.jsonrpc.json.StreamMessageProducer.listen(StreamMessageProducer.java:94)
	at org.eclipse.lsp4j.jsonrpc.json.ConcurrentMessageProcessor.run(ConcurrentMessageProcessor.java:113)
	at java.util.concurrent.Executors$RunnableAdapter.call(Executors.java:511)
	at java.util.concurrent.FutureTask.run(FutureTask.java:266)
	at java.util.concurrent.ThreadPoolExecutor.runWorker(ThreadPoolExecutor.java:1149)
	at java.util.concurrent.ThreadPoolExecutor$Worker.run(ThreadPoolExecutor.java:624)
	at java.lang.Thread.run(Thread.java:748)
Caused by: java.lang.reflect.InvocationTargetException
	at sun.reflect.NativeMethodAccessorImpl.invoke0(Native Method)
	at sun.reflect.NativeMethodAccessorImpl.invoke(NativeMethodAccessorImpl.java:62)
	at sun.reflect.DelegatingMethodAccessorImpl.invoke(DelegatingMethodAccessorImpl.java:43)
	at java.lang.reflect.Method.invoke(Method.java:498)
	at org.eclipse.lsp4j.jsonrpc.services.GenericEndpoint.lambda$null$0(GenericEndpoint.java:65)
	... 11 more
Caused by: java.nio.file.NoSuchFileException: /home/ailen-magali/Escritorio/tdl/tdl-akka-project/src/main/scala/com/example/WebServer.scala
	at sun.nio.fs.UnixException.translateToIOException(UnixException.java:86)
	at sun.nio.fs.UnixException.rethrowAsIOException(UnixException.java:102)
	at sun.nio.fs.UnixException.rethrowAsIOException(UnixException.java:107)
	at sun.nio.fs.UnixFileSystemProvider.newByteChannel(UnixFileSystemProvider.java:214)
	at java.nio.file.Files.newByteChannel(Files.java:361)
	at java.nio.file.Files.newByteChannel(Files.java:407)
	at java.nio.file.Files.readAllBytes(Files.java:3152)
	at scala.meta.internal.io.PlatformFileIO$.slurp(PlatformFileIO.scala:45)
	at scala.meta.internal.io.FileIO$.slurp(FileIO.scala:24)
	at scala.meta.internal.metals.MetalsLanguageServer.$anonfun$onChange$1(MetalsLanguageServer.scala:725)
	at scala.meta.internal.metals.MetalsLanguageServer.$anonfun$onChange$1$adapted(MetalsLanguageServer.scala:724)
	at scala.collection.immutable.Stream.foreach(Stream.scala:533)
	at scala.meta.internal.metals.MetalsLanguageServer.onChange(MetalsLanguageServer.scala:724)
	at scala.meta.internal.metals.MetalsLanguageServer.didChangeWatchedFiles(MetalsLanguageServer.scala:689)
	... 16 more

WARN  no build target: /home/ailen-magali/Escritorio/tdl/tdl-akka-project/src/main/example/main.scala
jul 21, 2020 4:21:56 PM org.eclipse.lsp4j.jsonrpc.RemoteEndpoint handleNotification
ADVERTENCIA: Notification threw an exception: {
  "jsonrpc": "2.0",
  "method": "workspace/didChangeWatchedFiles",
  "params": {
    "changes": [
      {
        "uri": "file:///home/ailen-magali/Escritorio/tdl/tdl-akka-project/src/main/scala/com/example/main.scala",
        "type": 2
      },
      {
        "uri": "file:///home/ailen-magali/Escritorio/tdl/tdl-akka-project/src/main/scala/com/example/main.scala",
        "type": 2
      }
    ]
  }
}
java.lang.RuntimeException: java.lang.reflect.InvocationTargetException
	at org.eclipse.lsp4j.jsonrpc.services.GenericEndpoint.lambda$null$0(GenericEndpoint.java:67)
	at org.eclipse.lsp4j.jsonrpc.services.GenericEndpoint.notify(GenericEndpoint.java:152)
	at org.eclipse.lsp4j.jsonrpc.RemoteEndpoint.handleNotification(RemoteEndpoint.java:220)
	at org.eclipse.lsp4j.jsonrpc.RemoteEndpoint.consume(RemoteEndpoint.java:187)
	at org.eclipse.lsp4j.jsonrpc.json.StreamMessageProducer.handleMessage(StreamMessageProducer.java:192)
	at org.eclipse.lsp4j.jsonrpc.json.StreamMessageProducer.listen(StreamMessageProducer.java:94)
	at org.eclipse.lsp4j.jsonrpc.json.ConcurrentMessageProcessor.run(ConcurrentMessageProcessor.java:113)
	at java.util.concurrent.Executors$RunnableAdapter.call(Executors.java:511)
	at java.util.concurrent.FutureTask.run(FutureTask.java:266)
	at java.util.concurrent.ThreadPoolExecutor.runWorker(ThreadPoolExecutor.java:1149)
	at java.util.concurrent.ThreadPoolExecutor$Worker.run(ThreadPoolExecutor.java:624)
	at java.lang.Thread.run(Thread.java:748)
Caused by: java.lang.reflect.InvocationTargetException
	at sun.reflect.NativeMethodAccessorImpl.invoke0(Native Method)
	at sun.reflect.NativeMethodAccessorImpl.invoke(NativeMethodAccessorImpl.java:62)
	at sun.reflect.DelegatingMethodAccessorImpl.invoke(DelegatingMethodAccessorImpl.java:43)
	at java.lang.reflect.Method.invoke(Method.java:498)
	at org.eclipse.lsp4j.jsonrpc.services.GenericEndpoint.lambda$null$0(GenericEndpoint.java:65)
	... 11 more
Caused by: java.nio.file.NoSuchFileException: /home/ailen-magali/Escritorio/tdl/tdl-akka-project/src/main/scala/com/example/main.scala
	at sun.nio.fs.UnixException.translateToIOException(UnixException.java:86)
	at sun.nio.fs.UnixException.rethrowAsIOException(UnixException.java:102)
	at sun.nio.fs.UnixException.rethrowAsIOException(UnixException.java:107)
	at sun.nio.fs.UnixFileSystemProvider.newByteChannel(UnixFileSystemProvider.java:214)
	at java.nio.file.Files.newByteChannel(Files.java:361)
	at java.nio.file.Files.newByteChannel(Files.java:407)
	at java.nio.file.Files.readAllBytes(Files.java:3152)
	at scala.meta.internal.io.PlatformFileIO$.slurp(PlatformFileIO.scala:45)
	at scala.meta.internal.io.FileIO$.slurp(FileIO.scala:24)
	at scala.meta.internal.metals.MetalsLanguageServer.$anonfun$onChange$1(MetalsLanguageServer.scala:725)
	at scala.meta.internal.metals.MetalsLanguageServer.$anonfun$onChange$1$adapted(MetalsLanguageServer.scala:724)
	at scala.collection.immutable.Stream.foreach(Stream.scala:533)
	at scala.meta.internal.metals.MetalsLanguageServer.onChange(MetalsLanguageServer.scala:724)
	at scala.meta.internal.metals.MetalsLanguageServer.didChangeWatchedFiles(MetalsLanguageServer.scala:689)
	... 16 more

WARN  no build target: /home/ailen-magali/Escritorio/tdl/tdl-akka-project/src/main/example/moviedb/Printer.scala
WARN  no build target: /home/ailen-magali/Escritorio/tdl/tdl-akka-project/src/main/example/moviedb/Printer.scala
jul 21, 2020 4:22:00 PM org.eclipse.lsp4j.jsonrpc.RemoteEndpoint handleNotification
ADVERTENCIA: Notification threw an exception: {
  "jsonrpc": "2.0",
  "method": "workspace/didChangeWatchedFiles",
  "params": {
    "changes": [
      {
        "uri": "file:///home/ailen-magali/Escritorio/tdl/tdl-akka-project/src/main/scala/com/example/moviedb/Printer.scala",
        "type": 2
      }
    ]
  }
}
java.lang.RuntimeException: java.lang.reflect.InvocationTargetException
	at org.eclipse.lsp4j.jsonrpc.services.GenericEndpoint.lambda$null$0(GenericEndpoint.java:67)
	at org.eclipse.lsp4j.jsonrpc.services.GenericEndpoint.notify(GenericEndpoint.java:152)
	at org.eclipse.lsp4j.jsonrpc.RemoteEndpoint.handleNotification(RemoteEndpoint.java:220)
	at org.eclipse.lsp4j.jsonrpc.RemoteEndpoint.consume(RemoteEndpoint.java:187)
	at org.eclipse.lsp4j.jsonrpc.json.StreamMessageProducer.handleMessage(StreamMessageProducer.java:192)
	at org.eclipse.lsp4j.jsonrpc.json.StreamMessageProducer.listen(StreamMessageProducer.java:94)
	at org.eclipse.lsp4j.jsonrpc.json.ConcurrentMessageProcessor.run(ConcurrentMessageProcessor.java:113)
	at java.util.concurrent.Executors$RunnableAdapter.call(Executors.java:511)
	at java.util.concurrent.FutureTask.run(FutureTask.java:266)
	at java.util.concurrent.ThreadPoolExecutor.runWorker(ThreadPoolExecutor.java:1149)
	at java.util.concurrent.ThreadPoolExecutor$Worker.run(ThreadPoolExecutor.java:624)
	at java.lang.Thread.run(Thread.java:748)
Caused by: java.lang.reflect.InvocationTargetException
	at sun.reflect.NativeMethodAccessorImpl.invoke0(Native Method)
	at sun.reflect.NativeMethodAccessorImpl.invoke(NativeMethodAccessorImpl.java:62)
	at sun.reflect.DelegatingMethodAccessorImpl.invoke(DelegatingMethodAccessorImpl.java:43)
	at java.lang.reflect.Method.invoke(Method.java:498)
	at org.eclipse.lsp4j.jsonrpc.services.GenericEndpoint.lambda$null$0(GenericEndpoint.java:65)
	... 11 more
Caused by: java.nio.file.NoSuchFileException: /home/ailen-magali/Escritorio/tdl/tdl-akka-project/src/main/scala/com/example/moviedb/Printer.scala
	at sun.nio.fs.UnixException.translateToIOException(UnixException.java:86)
	at sun.nio.fs.UnixException.rethrowAsIOException(UnixException.java:102)
	at sun.nio.fs.UnixException.rethrowAsIOException(UnixException.java:107)
	at sun.nio.fs.UnixFileSystemProvider.newByteChannel(UnixFileSystemProvider.java:214)
	at java.nio.file.Files.newByteChannel(Files.java:361)
	at java.nio.file.Files.newByteChannel(Files.java:407)
	at java.nio.file.Files.readAllBytes(Files.java:3152)
	at scala.meta.internal.io.PlatformFileIO$.slurp(PlatformFileIO.scala:45)
	at scala.meta.internal.io.FileIO$.slurp(FileIO.scala:24)
	at scala.meta.internal.metals.MetalsLanguageServer.$anonfun$onChange$1(MetalsLanguageServer.scala:725)
	at scala.meta.internal.metals.MetalsLanguageServer.$anonfun$onChange$1$adapted(MetalsLanguageServer.scala:724)
	at scala.collection.immutable.Stream.foreach(Stream.scala:533)
	at scala.meta.internal.metals.MetalsLanguageServer.onChange(MetalsLanguageServer.scala:724)
	at scala.meta.internal.metals.MetalsLanguageServer.didChangeWatchedFiles(MetalsLanguageServer.scala:689)
	... 16 more

WARN  no build target: /home/ailen-magali/Escritorio/tdl/tdl-akka-project/src/main/scala/com/example/main.scala
WARN  no build target: /home/ailen-magali/Escritorio/tdl/tdl-akka-project/src/main/scala/com/example/WebServer.scala
WARN  no build target: /home/ailen-magali/Escritorio/tdl/tdl-akka-project/src/main/scala/com/example/moviedb/ClienteMovieDB.scala
